# JRE version: Java(TM) SE Runtime Environment (8.0_161-b12) (build 1.8.0_161-b12)
# Java VM: Java HotSpot(TM) 64-Bit Server VM (25.161-b12 mixed mode linux-amd64 compressed oops)
Heap:
 PSYoungGen      total 131072K, used 3462K [0x00000000ecf80000, 0x00000000f5880000, 0x0000000100000000)
  eden space 122368K, 0% used [0x00000000ecf80000,0x00000000ecf80000,0x00000000f4700000)
  from space 8704K, 39% used [0x00000000f4700000,0x00000000f4a61b18,0x00000000f4f80000)
  to   space 8192K, 0% used [0x00000000f4f80000,0x00000000f4f80000,0x00000000f5780000)
 ParOldGen       total 39936K, used 14566K [0x00000000c6e00000, 0x00000000c9500000, 0x00000000ecf80000)
  object space 39936K, 36% used [0x00000000c6e00000,0x00000000c7c39a00,0x00000000c9500000)
 Metaspace       used 20723K, capacity 21200K, committed 21296K, reserved 1067008K
  class space    used 2697K, capacity 2829K, committed 2864K, reserved 1048576K
GC Heap History (10 events):
Event: 7,906 GC heap after
Heap after GC invocations=2 (full 0):
 PSYoungGen      total 32768K, used 2026K [0x00000000ecf80000, 0x00000000ef180000, 0x0000000100000000)
  eden space 30720K, 0% used [0x00000000ecf80000,0x00000000ecf80000,0x00000000eed80000)
  from space 2048K, 98% used [0x00000000eef80000,0x00000000ef17a948,0x00000000ef180000)
  to   space 2048K, 0% used [0x00000000eed80000,0x00000000eed80000,0x00000000eef80000)
 ParOldGen       total 39936K, used 2240K [0x00000000c6e00000, 0x00000000c9500000, 0x00000000ecf80000)
  object space 39936K, 5% used [0x00000000c6e00000,0x00000000c7030088,0x00000000c9500000)
 Metaspace       used 9827K, capacity 10056K, committed 10240K, reserved 1058816K
  class space    used 1202K, capacity 1262K, committed 1280K, reserved 1048576K
}
Event: 9,108 GC heap before
{Heap before GC invocations=3 (full 0):
 PSYoungGen      total 32768K, used 32746K [0x00000000ecf80000, 0x00000000ef180000, 0x0000000100000000)
  eden space 30720K, 100% used [0x00000000ecf80000,0x00000000eed80000,0x00000000eed80000)
  from space 2048K, 98% used [0x00000000eef80000,0x00000000ef17a948,0x00000000ef180000)
  to   space 2048K, 0% used [0x00000000eed80000,0x00000000eed80000,0x00000000eef80000)
 ParOldGen       total 39936K, used 2240K [0x00000000c6e00000, 0x00000000c9500000, 0x00000000ecf80000)
  object space 39936K, 5% used [0x00000000c6e00000,0x00000000c7030088,0x00000000c9500000)
 Metaspace       used 11232K, capacity 11470K, committed 11776K, reserved 1058816K
  class space    used 1431K, capacity 1520K, committed 1536K, reserved 1048576K
Event: 9,120 GC heap after
Heap after GC invocations=3 (full 0):
 PSYoungGen      total 32768K, used 2029K [0x00000000ecf80000, 0x00000000f0f80000, 0x0000000100000000)
  eden space 30720K, 0% used [0x00000000ecf80000,0x00000000ecf80000,0x00000000eed80000)
  from space 2048K, 99% used [0x00000000eed80000,0x00000000eef7b4e0,0x00000000eef80000)
  to   space 2048K, 0% used [0x00000000f0d80000,0x00000000f0d80000,0x00000000f0f80000)
 ParOldGen       total 39936K, used 4361K [0x00000000c6e00000, 0x00000000c9500000, 0x00000000ecf80000)
  object space 39936K, 10% used [0x00000000c6e00000,0x00000000c7242410,0x00000000c9500000)
 Metaspace       used 11232K, capacity 11470K, committed 11776K, reserved 1058816K
  class space    used 1431K, capacity 1520K, committed 1536K, reserved 1048576K
}
Event: 13,905 GC heap before
{Heap before GC invocations=4 (full 0):
 PSYoungGen      total 32768K, used 32749K [0x00000000ecf80000, 0x00000000f0f80000, 0x0000000100000000)
  eden space 30720K, 100% used [0x00000000ecf80000,0x00000000eed80000,0x00000000eed80000)
  from space 2048K, 99% used [0x00000000eed80000,0x00000000eef7b4e0,0x00000000eef80000)
  to   space 2048K, 0% used [0x00000000f0d80000,0x00000000f0d80000,0x00000000f0f80000)
 ParOldGen       total 39936K, used 4361K [0x00000000c6e00000, 0x00000000c9500000, 0x00000000ecf80000)
  object space 39936K, 10% used [0x00000000c6e00000,0x00000000c7242410,0x00000000c9500000)
 Metaspace       used 15276K, capacity 15534K, committed 15872K, reserved 1062912K
  class space    used 1931K, capacity 2008K, committed 2048K, reserved 1048576K
Event: 13,915 GC heap after
Heap after GC invocations=4 (full 0):
 PSYoungGen      total 63488K, used 2029K [0x00000000ecf80000, 0x00000000f0f80000, 0x0000000100000000)
  eden space 61440K, 0% used [0x00000000ecf80000,0x00000000ecf80000,0x00000000f0b80000)
  from space 2048K, 99% used [0x00000000f0d80000,0x00000000f0f7b4e0,0x00000000f0f80000)
  to   space 2048K, 0% used [0x00000000f0b80000,0x00000000f0b80000,0x00000000f0d80000)
 ParOldGen       total 39936K, used 8353K [0x00000000c6e00000, 0x00000000c9500000, 0x00000000ecf80000)
  object space 39936K, 20% used [0x00000000c6e00000,0x00000000c7628648,0x00000000c9500000)
 Metaspace       used 15276K, capacity 15534K, committed 15872K, reserved 1062912K
  class space    used 1931K, capacity 2008K, committed 2048K, reserved 1048576K
}
Event: 17,551 GC heap before
{Heap before GC invocations=5 (full 0):
 PSYoungGen      total 63488K, used 63469K [0x00000000ecf80000, 0x00000000f0f80000, 0x0000000100000000)
  eden space 61440K, 100% used [0x00000000ecf80000,0x00000000f0b80000,0x00000000f0b80000)
  from space 2048K, 99% used [0x00000000f0d80000,0x00000000f0f7b4e0,0x00000000f0f80000)
  to   space 2048K, 0% used [0x00000000f0b80000,0x00000000f0b80000,0x00000000f0d80000)
 ParOldGen       total 39936K, used 8353K [0x00000000c6e00000, 0x00000000c9500000, 0x00000000ecf80000)
  object space 39936K, 20% used [0x00000000c6e00000,0x00000000c7628648,0x00000000c9500000)
 Metaspace       used 18561K, capacity 19006K, committed 19200K, reserved 1067008K
  class space    used 2356K, capacity 2467K, committed 2560K, reserved 1048576K
Event: 17,566 GC heap after
Heap after GC invocations=5 (full 0):
 PSYoungGen      total 63488K, used 2045K [0x00000000ecf80000, 0x00000000f5780000, 0x0000000100000000)
  eden space 61440K, 0% used [0x00000000ecf80000,0x00000000ecf80000,0x00000000f0b80000)
  from space 2048K, 99% used [0x00000000f0b80000,0x00000000f0d7f4d0,0x00000000f0d80000)
  to   space 8192K, 0% used [0x00000000f4f80000,0x00000000f4f80000,0x00000000f5780000)
 ParOldGen       total 39936K, used 13669K [0x00000000c6e00000, 0x00000000c9500000, 0x00000000ecf80000)
  object space 39936K, 34% used [0x00000000c6e00000,0x00000000c7b59690,0x00000000c9500000)
 Metaspace       used 18561K, capacity 19006K, committed 19200K, reserved 1067008K
  class space    used 2356K, capacity 2467K, committed 2560K, reserved 1048576K
}
Event: 18,781 GC heap before
{Heap before GC invocations=6 (full 0):
 PSYoungGen      total 63488K, used 63485K [0x00000000ecf80000, 0x00000000f5780000, 0x0000000100000000)
  eden space 61440K, 100% used [0x00000000ecf80000,0x00000000f0b80000,0x00000000f0b80000)
  from space 2048K, 99% used [0x00000000f0b80000,0x00000000f0d7f4d0,0x00000000f0d80000)
  to   space 8192K, 0% used [0x00000000f4f80000,0x00000000f4f80000,0x00000000f5780000)
 ParOldGen       total 39936K, used 13669K [0x00000000c6e00000, 0x00000000c9500000, 0x00000000ecf80000)
  object space 39936K, 34% used [0x00000000c6e00000,0x00000000c7b59690,0x00000000c9500000)
 Metaspace       used 20281K, capacity 20752K, committed 20992K, reserved 1067008K
  class space    used 2635K, capacity 2765K, committed 2816K, reserved 1048576K
Event: 18,794 GC heap after
Heap after GC invocations=6 (full 0):
 PSYoungGen      total 130560K, used 6314K [0x00000000ecf80000, 0x00000000f5880000, 0x0000000100000000)
  eden space 122368K, 0% used [0x00000000ecf80000,0x00000000ecf80000,0x00000000f4700000)
  from space 8192K, 77% used [0x00000000f4f80000,0x00000000f55aa9b8,0x00000000f5780000)
  to   space 8704K, 0% used [0x00000000f4700000,0x00000000f4700000,0x00000000f4f80000)
 ParOldGen       total 39936K, used 13677K [0x00000000c6e00000, 0x00000000c9500000, 0x00000000ecf80000)
  object space 39936K, 34% used [0x00000000c6e00000,0x00000000c7b5b690,0x00000000c9500000)
 Metaspace       used 20281K, capacity 20752K, committed 20992K, reserved 1067008K
  class space    used 2635K, capacity 2765K, committed 2816K, reserved 1048576K
}
Event: 19,353 GC heap before
{Heap before GC invocations=7 (full 0):
 PSYoungGen      total 130560K, used 13380K [0x00000000ecf80000, 0x00000000f5880000, 0x0000000100000000)
  eden space 122368K, 5% used [0x00000000ecf80000,0x00000000ed666970,0x00000000f4700000)
  from space 8192K, 77% used [0x00000000f4f80000,0x00000000f55aa9b8,0x00000000f5780000)
  to   space 8704K, 0% used [0x00000000f4700000,0x00000000f4700000,0x00000000f4f80000)
 ParOldGen       total 39936K, used 13677K [0x00000000c6e00000, 0x00000000c9500000, 0x00000000ecf80000)
  object space 39936K, 34% used [0x00000000c6e00000,0x00000000c7b5b690,0x00000000c9500000)
 Metaspace       used 20723K, capacity 21200K, committed 21296K, reserved 1067008K
  class space    used 2697K, capacity 2829K, committed 2864K, reserved 1048576K

